<?xml version="1.0" encoding="UTF-8"?>
<!-- Generated by org.testng.reporters.JUnitReportReporter -->
<testsuite hostname="PC" failures="0" tests="1" name="testcases.TC_LaunchTheApplication" time="16.761" errors="0" timestamp="2025-04-02T14:45:55 IST" skipped="0">
  <testcase classname="testcases.TC_LaunchTheApplication" name="LoginWithValidCredentials" time="16.761"/>
  <system-out/>
</testsuite> <!-- testcases.TC_LaunchTheApplication -->
