<?xml version="1.0" encoding="UTF-8"?>
<!-- Generated by org.testng.reporters.JUnitReportReporter -->
<testsuite hostname="PC" failures="0" tests="1" name="testcases.TC_RegisterNewUSerAndSignIn" time="24.334" errors="0" timestamp="2025-04-02T14:45:55 IST" skipped="0">
  <testcase classname="testcases.TC_RegisterNewUSerAndSignIn" name="RegisterNewUSer" time="24.334"/>
  <system-out/>
</testsuite> <!-- testcases.TC_RegisterNewUSerAndSignIn -->
