<?xml version="1.0" encoding="UTF-8"?>
<!-- Generated by org.testng.reporters.JUnitReportReporter -->
<testsuite hostname="PC" failures="0" tests="3" name="testcases.TC_AddProductAndPlaceOrder" time="33.163" errors="0" timestamp="2025-04-02T14:45:55 IST" skipped="0">
  <testcase classname="testcases.TC_AddProductAndPlaceOrder" name="AddProductAndPlaceOrder" time="12.116"/>
  <system-out/>
  <testcase classname="testcases.TC_AddProductAndPlaceOrder" name="PurchaseTheProduct" time="19.646"/>
  <system-out/>
  <testcase classname="testcases.TC_AddProductAndPlaceOrder" name="LogOut" time="1.401"/>
  <system-out/>
</testsuite> <!-- testcases.TC_AddProductAndPlaceOrder -->
